# JRE version: OpenJDK Runtime Environment (8.0_242-b01) (build 1.8.0_242-release-1644-b01)
# Java VM: OpenJDK 64-Bit Server VM (25.242-b01 mixed mode windows-amd64 compressed oops)
Heap:
 PSYoungGen      total 187904K, used 49282K [0x00000000e0000000, 0x00000000ecd80000, 0x0000000100000000)
  eden space 172032K, 28% used [0x00000000e0000000,0x00000000e3020bd8,0x00000000ea800000)
  from space 15872K, 0% used [0x00000000eb800000,0x00000000eb800000,0x00000000ec780000)
  to   space 16384K, 0% used [0x00000000ea800000,0x00000000ea800000,0x00000000eb800000)
 ParOldGen       total 143872K, used 38349K [0x00000000a0000000, 0x00000000a8c80000, 0x00000000e0000000)
  object space 143872K, 26% used [0x00000000a0000000,0x00000000a2573610,0x00000000a8c80000)
 Metaspace       used 59982K, capacity 61942K, committed 62120K, reserved 1101824K
  class space    used 8251K, capacity 8800K, committed 8880K, reserved 1048576K
GC Heap History (10 events):
Event: 6.086 GC heap before
{Heap before GC invocations=11 (full 2):
 PSYoungGen      total 115200K, used 10966K [0x00000000e0000000, 0x00000000ea180000, 0x0000000100000000)
  eden space 103424K, 0% used [0x00000000e0000000,0x00000000e0000000,0x00000000e6500000)
  from space 11776K, 93% used [0x00000000e6500000,0x00000000e6fb5938,0x00000000e7080000)
  to   space 12800K, 0% used [0x00000000e9500000,0x00000000e9500000,0x00000000ea180000)
 ParOldGen       total 59904K, used 9406K [0x00000000a0000000, 0x00000000a3a80000, 0x00000000e0000000)
  object space 59904K, 15% used [0x00000000a0000000,0x00000000a092f9b8,0x00000000a3a80000)
 Metaspace       used 34516K, capacity 35404K, committed 35496K, reserved 1079296K
  class space    used 4711K, capacity 4957K, committed 5040K, reserved 1048576K
Event: 6.131 GC heap after
Heap after GC invocations=11 (full 2):
 PSYoungGen      total 115200K, used 0K [0x00000000e0000000, 0x00000000ea180000, 0x0000000100000000)
  eden space 103424K, 0% used [0x00000000e0000000,0x00000000e0000000,0x00000000e6500000)
  from space 11776K, 0% used [0x00000000e6500000,0x00000000e6500000,0x00000000e7080000)
  to   space 12800K, 0% used [0x00000000e9500000,0x00000000e9500000,0x00000000ea180000)
 ParOldGen       total 90624K, used 17713K [0x00000000a0000000, 0x00000000a5880000, 0x00000000e0000000)
  object space 90624K, 19% used [0x00000000a0000000,0x00000000a114c598,0x00000000a5880000)
 Metaspace       used 34496K, capacity 35338K, committed 35496K, reserved 1079296K
  class space    used 4705K, capacity 4946K, committed 5040K, reserved 1048576K
}
Event: 7.365 GC heap before
{Heap before GC invocations=12 (full 2):
 PSYoungGen      total 115200K, used 103424K [0x00000000e0000000, 0x00000000ea180000, 0x0000000100000000)
  eden space 103424K, 100% used [0x00000000e0000000,0x00000000e6500000,0x00000000e6500000)
  from space 11776K, 0% used [0x00000000e6500000,0x00000000e6500000,0x00000000e7080000)
  to   space 12800K, 0% used [0x00000000e9500000,0x00000000e9500000,0x00000000ea180000)
 ParOldGen       total 90624K, used 17713K [0x00000000a0000000, 0x00000000a5880000, 0x00000000e0000000)
  object space 90624K, 19% used [0x00000000a0000000,0x00000000a114c598,0x00000000a5880000)
 Metaspace       used 44627K, capacity 45586K, committed 45992K, reserved 1089536K
  class space    used 5956K, capacity 6249K, committed 6320K, reserved 1048576K
Event: 7.377 GC heap after
Heap after GC invocations=12 (full 2):
 PSYoungGen      total 146432K, used 12772K [0x00000000e0000000, 0x00000000ea180000, 0x0000000100000000)
  eden space 133632K, 0% used [0x00000000e0000000,0x00000000e0000000,0x00000000e8280000)
  from space 12800K, 99% used [0x00000000e9500000,0x00000000ea179198,0x00000000ea180000)
  to   space 14336K, 0% used [0x00000000e8580000,0x00000000e8580000,0x00000000e9380000)
 ParOldGen       total 90624K, used 17751K [0x00000000a0000000, 0x00000000a5880000, 0x00000000e0000000)
  object space 90624K, 19% used [0x00000000a0000000,0x00000000a1155fd0,0x00000000a5880000)
 Metaspace       used 44627K, capacity 45586K, committed 45992K, reserved 1089536K
  class space    used 5956K, capacity 6249K, committed 6320K, reserved 1048576K
}
Event: 8.814 GC heap before
{Heap before GC invocations=13 (full 2):
 PSYoungGen      total 146432K, used 146404K [0x00000000e0000000, 0x00000000ea180000, 0x0000000100000000)
  eden space 133632K, 100% used [0x00000000e0000000,0x00000000e8280000,0x00000000e8280000)
  from space 12800K, 99% used [0x00000000e9500000,0x00000000ea179198,0x00000000ea180000)
  to   space 14336K, 0% used [0x00000000e8580000,0x00000000e8580000,0x00000000e9380000)
 ParOldGen       total 90624K, used 17751K [0x00000000a0000000, 0x00000000a5880000, 0x00000000e0000000)
  object space 90624K, 19% used [0x00000000a0000000,0x00000000a1155fd0,0x00000000a5880000)
 Metaspace       used 51801K, capacity 53204K, committed 53544K, reserved 1095680K
  class space    used 7028K, capacity 7435K, committed 7472K, reserved 1048576K
Event: 8.832 GC heap after
Heap after GC invocations=13 (full 2):
 PSYoungGen      total 151040K, used 13438K [0x00000000e0000000, 0x00000000ec780000, 0x0000000100000000)
  eden space 136704K, 0% used [0x00000000e0000000,0x00000000e0000000,0x00000000e8580000)
  from space 14336K, 93% used [0x00000000e8580000,0x00000000e929f948,0x00000000e9380000)
  to   space 15872K, 0% used [0x00000000eb800000,0x00000000eb800000,0x00000000ec780000)
 ParOldGen       total 90624K, used 23320K [0x00000000a0000000, 0x00000000a5880000, 0x00000000e0000000)
  object space 90624K, 25% used [0x00000000a0000000,0x00000000a16c6038,0x00000000a5880000)
 Metaspace       used 51801K, capacity 53204K, committed 53544K, reserved 1095680K
  class space    used 7028K, capacity 7435K, committed 7472K, reserved 1048576K
}
Event: 10.046 GC heap before
{Heap before GC invocations=14 (full 2):
 PSYoungGen      total 151040K, used 130653K [0x00000000e0000000, 0x00000000ec780000, 0x0000000100000000)
  eden space 136704K, 85% used [0x00000000e0000000,0x00000000e7277be8,0x00000000e8580000)
  from space 14336K, 93% used [0x00000000e8580000,0x00000000e929f948,0x00000000e9380000)
  to   space 15872K, 0% used [0x00000000eb800000,0x00000000eb800000,0x00000000ec780000)
 ParOldGen       total 90624K, used 23320K [0x00000000a0000000, 0x00000000a5880000, 0x00000000e0000000)
  object space 90624K, 25% used [0x00000000a0000000,0x00000000a16c6038,0x00000000a5880000)
 Metaspace       used 57337K, capacity 59098K, committed 59160K, reserved 1099776K
  class space    used 7821K, capacity 8321K, committed 8368K, reserved 1048576K
Event: 10.064 GC heap after
Heap after GC invocations=14 (full 2):
 PSYoungGen      total 187904K, used 11644K [0x00000000e0000000, 0x00000000ecd80000, 0x0000000100000000)
  eden space 172032K, 0% used [0x00000000e0000000,0x00000000e0000000,0x00000000ea800000)
  from space 15872K, 73% used [0x00000000eb800000,0x00000000ec35f258,0x00000000ec780000)
  to   space 16384K, 0% used [0x00000000ea800000,0x00000000ea800000,0x00000000eb800000)
 ParOldGen       total 90624K, used 30776K [0x00000000a0000000, 0x00000000a5880000, 0x00000000e0000000)
  object space 90624K, 33% used [0x00000000a0000000,0x00000000a1e0e300,0x00000000a5880000)
 Metaspace       used 57337K, capacity 59098K, committed 59160K, reserved 1099776K
  class space    used 7821K, capacity 8321K, committed 8368K, reserved 1048576K
}
Event: 10.064 GC heap before
{Heap before GC invocations=15 (full 3):
 PSYoungGen      total 187904K, used 11644K [0x00000000e0000000, 0x00000000ecd80000, 0x0000000100000000)
  eden space 172032K, 0% used [0x00000000e0000000,0x00000000e0000000,0x00000000ea800000)
  from space 15872K, 73% used [0x00000000eb800000,0x00000000ec35f258,0x00000000ec780000)
  to   space 16384K, 0% used [0x00000000ea800000,0x00000000ea800000,0x00000000eb800000)
 ParOldGen       total 90624K, used 30776K [0x00000000a0000000, 0x00000000a5880000, 0x00000000e0000000)
  object space 90624K, 33% used [0x00000000a0000000,0x00000000a1e0e300,0x00000000a5880000)
 Metaspace       used 57337K, capacity 59098K, committed 59160K, reserved 1099776K
  class space    used 7821K, capacity 8321K, committed 8368K, reserved 1048576K
Event: 10.317 GC heap after
Heap after GC invocations=15 (full 3):
 PSYoungGen      total 187904K, used 0K [0x00000000e0000000, 0x00000000ecd80000, 0x0000000100000000)
  eden space 172032K, 0% used [0x00000000e0000000,0x00000000e0000000,0x00000000ea800000)
  from space 15872K, 0% used [0x00000000eb800000,0x00000000eb800000,0x00000000ec780000)
  to   space 16384K, 0% used [0x00000000ea800000,0x00000000ea800000,0x00000000eb800000)
 ParOldGen       total 143872K, used 38349K [0x00000000a0000000, 0x00000000a8c80000, 0x00000000e0000000)
  object space 143872K, 26% used [0x00000000a0000000,0x00000000a2573610,0x00000000a8c80000)
 Metaspace       used 57337K, capacity 59098K, committed 59160K, reserved 1099776K
  class space    used 7821K, capacity 8321K, committed 8368K, reserved 1048576K
}

